Loading memory file: programs/no_hazard.mem
Using writeback output file: output/no_hazard.wb
Using pipeline output file: output/no_hazard.ppln
@@
@@
@@                     0  Asserting System reset......
@@
@@                     0 : System STILL at reset, can't show anything
@@
@@
@@                   300 : System STILL at reset, can't show anything
@@
@@
@@                   600 : System STILL at reset, can't show anything
@@
@@
@@                   900 : System STILL at reset, can't show anything
@@
@@                  1060  Deasserting System reset......
@@
@@
@@@ Unified Memory contents hex on left, decimal on right: 
@@@
@@@ mem[    0] = 0020011300100093 : 9008380371796115
@@@ mem[    8] = 0040021300800193 : 18016679145505171
@@@ mem[   16] = 0000001300506293 : 81609646739
@@@ mem[   24] = 002081b300000013 : 9149805053870099
@@@ mem[   32] = 0000001300000013 : 81604378643
@@@ mem[   40] = 0000001300000013 : 81604378643
@@@ mem[   48] = 1050007306302223 : 1175439996768756259
@@@
@@@ mem[   96] = 0000000300000000 : 12884901888
@@@
@@@
@@                  6320 : System halted
@@
@@@ System halted on WFI instruction
@@@
@@
@@  18 cycles / 13 instrs = 1.384615 CPI
@@
@@  510.00 ns total time to execute
@@
